<?xml version="1.0" encoding="UTF-8"?>
<!-- Generated by org.testng.reporters.JUnitReportReporter -->
<testsuite hostname="DESKTOP-KEGK38M" failures="0" tests="4" name="TestNG1.LoginPage" time="0.000" errors="1" timestamp="07 Aug 2022 12:49:31 GMT" skipped="3">
  <testcase classname="TestNG1.LoginPage" name="setup" time="0.000">
    <error message="
Parameter &#039;url&#039; is required by BeforeTest on method setup but has not been marked @Optional or defined
in E:\Eclipse\WorkSpace\MyAutomation\test-output\testng-failed.xml" type="org.testng.TestNGException">
      <![CDATA[org.testng.TestNGException: 
Parameter 'url' is required by BeforeTest on method setup but has not been marked @Optional or defined
in E:\Eclipse\WorkSpace\MyAutomation\test-output\testng-failed.xml
at org.testng.internal.Parameters.createParams(Parameters.java:290)
at org.testng.internal.Parameters.createParametersForMethod(Parameters.java:359)
at org.testng.internal.Parameters.createParameters(Parameters.java:620)
at org.testng.internal.Parameters.createConfigurationParameters(Parameters.java:190)
at org.testng.internal.Invoker.invokeConfigurations(Invoker.java:209)
at org.testng.internal.Invoker.invokeConfigurations(Invoker.java:142)
at org.testng.TestRunner.beforeRun(TestRunner.java:529)
at org.testng.TestRunner.run(TestRunner.java:497)
at org.testng.SuiteRunner.runTest(SuiteRunner.java:455)
at org.testng.SuiteRunner.runSequentially(SuiteRunner.java:450)
at org.testng.SuiteRunner.privateRun(SuiteRunner.java:415)
at org.testng.SuiteRunner.run(SuiteRunner.java:364)
at org.testng.SuiteRunnerWorker.runSuite(SuiteRunnerWorker.java:52)
at org.testng.SuiteRunnerWorker.run(SuiteRunnerWorker.java:84)
at org.testng.TestNG.runSuitesSequentially(TestNG.java:1208)
at org.testng.TestNG.runSuitesLocally(TestNG.java:1137)
at org.testng.TestNG.runSuites(TestNG.java:1049)
at org.testng.TestNG.run(TestNG.java:1017)
at org.testng.remote.AbstractRemoteTestNG.run(AbstractRemoteTestNG.java:115)
at org.testng.remote.RemoteTestNG.initAndRun(RemoteTestNG.java:251)
at org.testng.remote.RemoteTestNG.main(RemoteTestNG.java:77)
]]>
    </error>
  </testcase> <!-- setup -->
  <testcase classname="TestNG1.LoginPage" name="sigupLinkTest" time="0.000">
    <skipped/>
  </testcase> <!-- sigupLinkTest -->
  <testcase classname="TestNG1.LoginPage" name="PageTitleTest" time="0.000">
    <skipped/>
  </testcase> <!-- PageTitleTest -->
  <testcase classname="TestNG1.LoginPage" name="LoginPageTest" time="0.000">
    <skipped/>
  </testcase> <!-- LoginPageTest -->
</testsuite> <!-- TestNG1.LoginPage -->
