<?xml version="1.0" encoding="UTF-8"?>
<!-- Generated by org.testng.reporters.JUnitXMLReporter -->
<testsuite ignored="0" hostname="DESKTOP-KEGK38M" failures="0" tests="3" name="Default test(failed)" time="0.075" errors="0" timestamp="07 Aug 2022 12:49:31 GMT">
  <testcase classname="TestNG1.LoginPage" name="@BeforeTest setup" time="0.0">
    <failure type="org.testng.TestNGException" message="
Parameter &amp;apos;url&amp;apos; is required by BeforeTest on method setup but has not been marked @Optional or defined
in E:\Eclipse\WorkSpace\MyAutomation\test-output\testng-failed.xml">
      <![CDATA[org.testng.TestNGException: 
Parameter 'url' is required by BeforeTest on method setup but has not been marked @Optional or defined
in E:\Eclipse\WorkSpace\MyAutomation\test-output\testng-failed.xml
... Removed 21 stack frames]]>
    </failure>
  </testcase> <!-- @BeforeTest setup -->
  <testcase classname="TestNG1.LoginPage" name="@AfterTest TearDown" time="0.0">
    <skipped/>
  </testcase> <!-- @AfterTest TearDown -->
  <testcase classname="TestNG1.LoginPage" name="sigupLinkTest" time="0.0">
    <skipped/>
  </testcase> <!-- sigupLinkTest -->
  <testcase classname="TestNG1.LoginPage" name="PageTitleTest" time="0.0">
    <skipped/>
  </testcase> <!-- PageTitleTest -->
  <testcase classname="TestNG1.LoginPage" name="LoginPageTest" time="0.0">
    <skipped/>
  </testcase> <!-- LoginPageTest -->
</testsuite> <!-- Default test(failed) -->
